2025-06-22 00:11:39,815 - INFO - --- 2025-06-22 00:11:39 ---
2025-06-22 00:11:39,815 - INFO - Checking product: https://eu.patagonia.com/de/de/product/mens-better-sweater-fleece-jacket/191743874994.html
2025-06-22 00:11:46,353 - INFO - Name: Men's Better Sweater Fleece Jacket
2025-06-22 00:11:46,353 - INFO - Color: stonewash, Size: M
2025-06-22 00:11:46,353 - INFO - Price: 150.0 €, Available: True
2025-06-22 00:11:46,353 - INFO - --- 2025-06-22 00:11:46 ---
2025-06-22 00:11:46,353 - INFO - Checking product: https://eu.patagonia.com/de/de/product/mens-classic-retro-x-fleece-jacket/198077124122.html
2025-06-22 00:11:51,898 - INFO - Name: Men's Classic Retro-X® Fleece Jacket
2025-06-22 00:11:51,900 - INFO - Color: Natural w/Smolder Blue, Size: M
2025-06-22 00:11:51,900 - INFO - Price: 230.0 €, Available: True
2025-06-22 00:13:19,834 - INFO - --- 2025-06-22 00:13:19 ---
2025-06-22 00:13:19,835 - INFO - Checking product: https://eu.patagonia.com/de/de/product/mens-better-sweater-fleece-jacket/191743874994.html
2025-06-22 00:13:26,544 - INFO - Name: Men's Better Sweater Fleece Jacket
2025-06-22 00:13:26,545 - INFO - Color: stonewash, Size: M
2025-06-22 00:13:26,545 - INFO - Price: 150.0 €, Available: True
2025-06-22 00:13:26,545 - INFO - --- 2025-06-22 00:13:26 ---
2025-06-22 00:13:26,545 - INFO - Checking product: https://eu.patagonia.com/de/de/product/mens-classic-retro-x-fleece-jacket/198077124122.html
2025-06-22 00:13:32,052 - INFO - Name: Men's Classic Retro-X® Fleece Jacket
2025-06-22 00:13:32,052 - INFO - Color: Natural w/Smolder Blue, Size: M
2025-06-22 00:13:32,052 - INFO - Price: 230.0 €, Available: True
2025-06-22 00:16:38,575 - INFO - --- 2025-06-22 00:16:38 ---
2025-06-22 00:16:38,575 - INFO - Checking product: https://eu.patagonia.com/de/de/product/mens-better-sweater-fleece-jacket/191743874994.html
2025-06-22 00:16:45,142 - INFO - Name: Men's Better Sweater Fleece Jacket
2025-06-22 00:16:45,143 - INFO - Color: stonewash, Size: M
2025-06-22 00:16:45,143 - INFO - Price: 150.0 €, Available: True
2025-06-22 00:16:45,143 - INFO - --- 2025-06-22 00:16:45 ---
2025-06-22 00:16:45,143 - INFO - Checking product: https://eu.patagonia.com/de/de/product/mens-classic-retro-x-fleece-jacket/198077124122.html
2025-06-22 00:16:50,626 - INFO - Name: Men's Classic Retro-X® Fleece Jacket
2025-06-22 00:16:50,627 - INFO - Color: Natural w/Smolder Blue, Size: M
2025-06-22 00:16:50,627 - INFO - Price: 230.0 €, Available: True
2025-06-22 00:17:50,637 - INFO - --- 2025-06-22 00:17:50 ---
2025-06-22 00:17:50,638 - INFO - Checking product: https://eu.patagonia.com/de/de/product/mens-better-sweater-fleece-jacket/191743874994.html
2025-06-22 00:17:57,004 - INFO - Name: Men's Better Sweater Fleece Jacket
2025-06-22 00:17:57,004 - INFO - Color: stonewash, Size: M
2025-06-22 00:17:57,004 - INFO - Price: 150.0 €, Available: True
2025-06-22 00:17:57,004 - INFO - --- 2025-06-22 00:17:57 ---
2025-06-22 00:17:57,004 - INFO - Checking product: https://eu.patagonia.com/de/de/product/mens-classic-retro-x-fleece-jacket/198077124122.html
2025-06-22 00:18:59,269 - INFO - --- 2025-06-22 00:18:59 ---
2025-06-22 00:18:59,270 - INFO - Checking product: https://eu.patagonia.com/de/de/product/mens-better-sweater-fleece-jacket/191743874994.html
2025-06-22 00:19:05,623 - INFO - Name: Men's Better Sweater Fleece Jacket
2025-06-22 00:19:05,623 - INFO - Color: stonewash, Size: M
2025-06-22 00:19:05,623 - INFO - Price: 150.0 €, Available: True
2025-06-22 00:19:05,623 - INFO - --- 2025-06-22 00:19:05 ---
2025-06-22 00:19:05,623 - INFO - Checking product: https://eu.patagonia.com/de/de/product/mens-classic-retro-x-fleece-jacket/198077124122.html
2025-06-22 00:19:11,070 - INFO - Name: Men's Classic Retro-X® Fleece Jacket
2025-06-22 00:19:11,071 - INFO - Color: Natural w/Smolder Blue, Size: M
2025-06-22 00:19:11,071 - INFO - Price: 230.0 €, Available: True
2025-06-22 00:19:48,124 - INFO - --- 2025-06-22 00:19:48 ---
2025-06-22 00:19:48,124 - INFO - Checking product: https://eu.patagonia.com/de/de/product/mens-better-sweater-fleece-jacket/191743874994.html
2025-06-22 00:19:54,671 - INFO - Name: Men's Better Sweater Fleece Jacket
2025-06-22 00:19:54,672 - INFO - Color: stonewash, Size: M
2025-06-22 00:19:54,672 - INFO - Price: 150.0 €, Available: True
2025-06-22 00:19:54,672 - INFO - --- 2025-06-22 00:19:54 ---
2025-06-22 00:19:54,672 - INFO - Checking product: https://eu.patagonia.com/de/de/product/mens-classic-retro-x-fleece-jacket/198077124122.html
2025-06-22 00:20:00,225 - INFO - Name: Men's Classic Retro-X® Fleece Jacket
2025-06-22 00:20:00,225 - INFO - Color: Natural w/Smolder Blue, Size: XS
2025-06-22 00:20:00,225 - INFO - Price: 230.0 €, Available: True
